-- Found ament_cmake: 1.3.12 (/opt/ros/humble/share/ament_cmake/cmake)
-- Found rclcpp: 16.0.16 (/opt/ros/humble/share/rclcpp/cmake)
-- Found rosidl_generator_c: 3.1.7 (/opt/ros/humble/share/rosidl_generator_c/cmake)
-- Found rosidl_adapter: 3.1.7 (/opt/ros/humble/share/rosidl_adapter/cmake)
-- Found rosidl_generator_cpp: 3.1.7 (/opt/ros/humble/share/rosidl_generator_cpp/cmake)
-- Using all available rosidl_typesupport_c: rosidl_typesupport_fastrtps_c;rosidl_typesupport_introspection_c
-- Using all available rosidl_typesupport_cpp: rosidl_typesupport_fastrtps_cpp;rosidl_typesupport_introspection_cpp
-- Found rmw_implementation_cmake: 6.1.2 (/opt/ros/humble/share/rmw_implementation_cmake/cmake)
-- Found rmw_cyclonedds_cpp: 1.3.4 (/opt/ros/humble/share/rmw_cyclonedds_cpp/cmake)
-- Using RMW implementation 'rmw_cyclonedds_cpp' as default
-- Found sensor_msgs: 4.9.0 (/opt/ros/humble/share/sensor_msgs/cmake)
-- Found nav_msgs: 4.9.0 (/opt/ros/humble/share/nav_msgs/cmake)
-- Found cv_bridge: 3.2.1 (/opt/ros/humble/share/cv_bridge/cmake)
-- Found image_transport: 3.1.12 (/opt/ros/humble/share/image_transport/cmake)
-- Found ament_lint_auto: 0.12.14 (/opt/ros/humble/share/ament_lint_auto/cmake)
-- Added test 'flake8' to check Python code syntax and style conventions
-- Added test 'lint_cmake' to check CMake code style
-- Added test 'pep257' to check Python code against some of the docstring style conventions in PEP 257
-- Added test 'xmllint' to check XML markup files
-- Configuring done
-- Generating done
-- Build files have been written to: /home/rudhratej/work/personal/warehouse_amr/build/warehouse_amr
-- Install configuration: ""
-- Installing: /home/rudhratej/work/personal/warehouse_amr/install/warehouse_amr/share/warehouse_amr/urdf
-- Installing: /home/rudhratej/work/personal/warehouse_amr/install/warehouse_amr/share/warehouse_amr/urdf/bridge.yaml
-- Installing: /home/rudhratej/work/personal/warehouse_amr/install/warehouse_amr/share/warehouse_amr/urdf/warehouse_amr.urdf.xacro
-- Installing: /home/rudhratej/work/personal/warehouse_amr/install/warehouse_amr/share/warehouse_amr/worlds
[31mCMake Error at cmake_install.cmake:46 (file):
  file INSTALL cannot find
  "/home/rudhratej/work/personal/warehouse_amr/src/warehouse_amr/config": No
  such file or directory.

[0m
-- Installing: /home/rudhratej/work/personal/warehouse_amr/install/warehouse_amr/share/warehouse_amr/worlds/no_roof_small_warehouse.world
-- Installing: /home/rudhratej/work/personal/warehouse_amr/install/warehouse_amr/share/warehouse_amr/worlds/small_warehouse.world
