[0.012s] Invoking command in '/home/rudhratej/work/personal/warehouse_amr/build/warehouse_amr': CMAKE_PREFIX_PATH=${CMAKE_PREFIX_PATH}:/opt/ros/humble /usr/bin/cmake --build /home/rudhratej/work/personal/warehouse_amr/build/warehouse_amr -- -j16 -l16
[0.141s] Invoked command in '/home/rudhratej/work/personal/warehouse_amr/build/warehouse_amr' returned '0': CMAKE_PREFIX_PATH=${CMAKE_PREFIX_PATH}:/opt/ros/humble /usr/bin/cmake --build /home/rudhratej/work/personal/warehouse_amr/build/warehouse_amr -- -j16 -l16
[0.183s] Invoking command in '/home/rudhratej/work/personal/warehouse_amr/build/warehouse_amr': CMAKE_PREFIX_PATH=${CMAKE_PREFIX_PATH}:/opt/ros/humble /usr/bin/cmake --install /home/rudhratej/work/personal/warehouse_amr/build/warehouse_amr
[0.217s] -- Install configuration: ""
[0.218s] -- Up-to-date: /home/rudhratej/work/personal/warehouse_amr/install/warehouse_amr/share/warehouse_amr/urdf
[0.219s] -- Installing: /home/rudhratej/work/personal/warehouse_amr/install/warehouse_amr/share/warehouse_amr/urdf/warehouse_amr.urdf.xacro
[0.220s] -- Up-to-date: /home/rudhratej/work/personal/warehouse_amr/install/warehouse_amr/share/warehouse_amr/worlds
[0.220s] -- Up-to-date: /home/rudhratej/work/personal/warehouse_amr/install/warehouse_amr/share/warehouse_amr/worlds/no_roof_small_warehouse.world
[0.221s] -- Up-to-date: /home/rudhratej/work/personal/warehouse_amr/install/warehouse_amr/share/warehouse_amr/worlds/small_warehouse.world
[0.221s] -- Up-to-date: /home/rudhratej/work/personal/warehouse_amr/install/warehouse_amr/share/warehouse_amr/config
[0.222s] -- Up-to-date: /home/rudhratej/work/personal/warehouse_amr/install/warehouse_amr/share/warehouse_amr/config/bridge.yaml
[0.223s] -- Up-to-date: /home/rudhratej/work/personal/warehouse_amr/install/warehouse_amr/share/warehouse_amr/launch
[0.223s] -- Up-to-date: /home/rudhratej/work/personal/warehouse_amr/install/warehouse_amr/share/warehouse_amr/launch/amr_sim.launch.py
[0.224s] -- Up-to-date: /home/rudhratej/work/personal/warehouse_amr/install/warehouse_amr/share/ament_index/resource_index/package_run_dependencies/warehouse_amr
[0.224s] -- Up-to-date: /home/rudhratej/work/personal/warehouse_amr/install/warehouse_amr/share/ament_index/resource_index/parent_prefix_path/warehouse_amr
[0.224s] -- Up-to-date: /home/rudhratej/work/personal/warehouse_amr/install/warehouse_amr/share/warehouse_amr/environment/ament_prefix_path.sh
[0.224s] -- Up-to-date: /home/rudhratej/work/personal/warehouse_amr/install/warehouse_amr/share/warehouse_amr/environment/ament_prefix_path.dsv
[0.224s] -- Up-to-date: /home/rudhratej/work/personal/warehouse_amr/install/warehouse_amr/share/warehouse_amr/environment/path.sh
[0.224s] -- Up-to-date: /home/rudhratej/work/personal/warehouse_amr/install/warehouse_amr/share/warehouse_amr/environment/path.dsv
[0.225s] -- Up-to-date: /home/rudhratej/work/personal/warehouse_amr/install/warehouse_amr/share/warehouse_amr/local_setup.bash
[0.225s] -- Up-to-date: /home/rudhratej/work/personal/warehouse_amr/install/warehouse_amr/share/warehouse_amr/local_setup.sh
[0.225s] -- Up-to-date: /home/rudhratej/work/personal/warehouse_amr/install/warehouse_amr/share/warehouse_amr/local_setup.zsh
[0.225s] -- Up-to-date: /home/rudhratej/work/personal/warehouse_amr/install/warehouse_amr/share/warehouse_amr/local_setup.dsv
[0.225s] -- Installing: /home/rudhratej/work/personal/warehouse_amr/install/warehouse_amr/share/warehouse_amr/package.dsv
[0.226s] -- Up-to-date: /home/rudhratej/work/personal/warehouse_amr/install/warehouse_amr/share/ament_index/resource_index/packages/warehouse_amr
[0.226s] -- Up-to-date: /home/rudhratej/work/personal/warehouse_amr/install/warehouse_amr/share/warehouse_amr/cmake/warehouse_amrConfig.cmake
[0.226s] -- Up-to-date: /home/rudhratej/work/personal/warehouse_amr/install/warehouse_amr/share/warehouse_amr/cmake/warehouse_amrConfig-version.cmake
[0.226s] -- Up-to-date: /home/rudhratej/work/personal/warehouse_amr/install/warehouse_amr/share/warehouse_amr/package.xml
[0.229s] Invoked command in '/home/rudhratej/work/personal/warehouse_amr/build/warehouse_amr' returned '0': CMAKE_PREFIX_PATH=${CMAKE_PREFIX_PATH}:/opt/ros/humble /usr/bin/cmake --install /home/rudhratej/work/personal/warehouse_amr/build/warehouse_amr
