-- Install configuration: ""
-- Up-to-date: /home/rudhratej/work/personal/warehouse_amr/install/warehouse_amr/share/warehouse_amr/urdf
-- Up-to-date: /home/rudhratej/work/personal/warehouse_amr/install/warehouse_amr/share/warehouse_amr/urdf/warehouse_amr.urdf.xacro
-- Up-to-date: /home/rudhratej/work/personal/warehouse_amr/install/warehouse_amr/share/warehouse_amr/worlds
-- Up-to-date: /home/rudhratej/work/personal/warehouse_amr/install/warehouse_amr/share/warehouse_amr/worlds/no_roof_small_warehouse.world
-- Up-to-date: /home/rudhratej/work/personal/warehouse_amr/install/warehouse_amr/share/warehouse_amr/worlds/small_warehouse.world
-- Up-to-date: /home/rudhratej/work/personal/warehouse_amr/install/warehouse_amr/share/warehouse_amr/config
-- Installing: /home/rudhratej/work/personal/warehouse_amr/install/warehouse_amr/share/warehouse_amr/config/amr_config.rviz
-- Up-to-date: /home/rudhratej/work/personal/warehouse_amr/install/warehouse_amr/share/warehouse_amr/config/bridge.yaml
-- Up-to-date: /home/rudhratej/work/personal/warehouse_amr/install/warehouse_amr/share/warehouse_amr/launch
-- Installing: /home/rudhratej/work/personal/warehouse_amr/install/warehouse_amr/share/warehouse_amr/launch/amr_sim.launch.py
-- Up-to-date: /home/rudhratej/work/personal/warehouse_amr/install/warehouse_amr/share/ament_index/resource_index/package_run_dependencies/warehouse_amr
-- Up-to-date: /home/rudhratej/work/personal/warehouse_amr/install/warehouse_amr/share/ament_index/resource_index/parent_prefix_path/warehouse_amr
-- Up-to-date: /home/rudhratej/work/personal/warehouse_amr/install/warehouse_amr/share/warehouse_amr/environment/ament_prefix_path.sh
-- Up-to-date: /home/rudhratej/work/personal/warehouse_amr/install/warehouse_amr/share/warehouse_amr/environment/ament_prefix_path.dsv
-- Up-to-date: /home/rudhratej/work/personal/warehouse_amr/install/warehouse_amr/share/warehouse_amr/environment/path.sh
-- Up-to-date: /home/rudhratej/work/personal/warehouse_amr/install/warehouse_amr/share/warehouse_amr/environment/path.dsv
-- Up-to-date: /home/rudhratej/work/personal/warehouse_amr/install/warehouse_amr/share/warehouse_amr/local_setup.bash
-- Up-to-date: /home/rudhratej/work/personal/warehouse_amr/install/warehouse_amr/share/warehouse_amr/local_setup.sh
-- Up-to-date: /home/rudhratej/work/personal/warehouse_amr/install/warehouse_amr/share/warehouse_amr/local_setup.zsh
-- Up-to-date: /home/rudhratej/work/personal/warehouse_amr/install/warehouse_amr/share/warehouse_amr/local_setup.dsv
-- Installing: /home/rudhratej/work/personal/warehouse_amr/install/warehouse_amr/share/warehouse_amr/package.dsv
-- Up-to-date: /home/rudhratej/work/personal/warehouse_amr/install/warehouse_amr/share/ament_index/resource_index/packages/warehouse_amr
-- Up-to-date: /home/rudhratej/work/personal/warehouse_amr/install/warehouse_amr/share/warehouse_amr/cmake/warehouse_amrConfig.cmake
-- Up-to-date: /home/rudhratej/work/personal/warehouse_amr/install/warehouse_amr/share/warehouse_amr/cmake/warehouse_amrConfig-version.cmake
-- Up-to-date: /home/rudhratej/work/personal/warehouse_amr/install/warehouse_amr/share/warehouse_amr/package.xml
