[0.086s] DEBUG:colcon:Command line arguments: ['/usr/bin/colcon', 'build', '--packages-select', 'warehouse_amr']
[0.086s] DEBUG:colcon:Parsed command line arguments: Namespace(log_base=None, log_level=None, verb_name='build', build_base='build', install_base='install', merge_install=False, symlink_install=False, test_result_base=None, continue_on_error=False, executor='parallel', parallel_workers=16, event_handlers=None, ignore_user_meta=False, metas=['./colcon.meta'], base_paths=['.'], packages_ignore=None, packages_ignore_regex=None, paths=None, packages_up_to=None, packages_up_to_regex=None, packages_above=None, packages_above_and_dependencies=None, packages_above_depth=None, packages_select_by_dep=None, packages_skip_by_dep=None, packages_skip_up_to=None, packages_select_build_failed=False, packages_skip_build_finished=False, packages_select_test_failures=False, packages_skip_test_passed=False, packages_select=['warehouse_amr'], packages_skip=None, packages_select_regex=None, packages_skip_regex=None, packages_start=None, packages_end=None, allow_overriding=[], cmake_args=None, cmake_target=None, cmake_target_skip_unavailable=False, cmake_clean_cache=False, cmake_clean_first=False, cmake_force_configure=False, ament_cmake_args=None, catkin_cmake_args=None, catkin_skip_building_tests=False, verb_parser=<colcon_defaults.argument_parser.defaults.DefaultArgumentsDecorator object at 0x7f7ea033ee30>, verb_extension=<colcon_core.verb.build.BuildVerb object at 0x7f7ea033e8f0>, main=<bound method BuildVerb.main of <colcon_core.verb.build.BuildVerb object at 0x7f7ea033e8f0>>)
[0.287s] Level 1:colcon.colcon_core.package_discovery:discover_packages(colcon_meta) check parameters
[0.287s] Level 1:colcon.colcon_core.package_discovery:discover_packages(recursive) check parameters
[0.287s] Level 1:colcon.colcon_core.package_discovery:discover_packages(ignore) check parameters
[0.287s] Level 1:colcon.colcon_core.package_discovery:discover_packages(path) check parameters
[0.287s] Level 1:colcon.colcon_core.package_discovery:discover_packages(colcon_meta) discover
[0.287s] Level 1:colcon.colcon_core.package_discovery:discover_packages(recursive) discover
[0.287s] INFO:colcon.colcon_core.package_discovery:Crawling recursively for packages in '/home/rudhratej/work/personal/warehouse_amr'
[0.287s] Level 1:colcon.colcon_core.package_identification:_identify(.) by extensions ['ignore', 'ignore_ament_install']
[0.287s] Level 1:colcon.colcon_core.package_identification:_identify(.) by extension 'ignore'
[0.287s] Level 1:colcon.colcon_core.package_identification:_identify(.) by extension 'ignore_ament_install'
[0.287s] Level 1:colcon.colcon_core.package_identification:_identify(.) by extensions ['colcon_pkg']
[0.288s] Level 1:colcon.colcon_core.package_identification:_identify(.) by extension 'colcon_pkg'
[0.288s] Level 1:colcon.colcon_core.package_identification:_identify(.) by extensions ['colcon_meta']
[0.288s] Level 1:colcon.colcon_core.package_identification:_identify(.) by extension 'colcon_meta'
[0.288s] Level 1:colcon.colcon_core.package_identification:_identify(.) by extensions ['ros']
[0.288s] Level 1:colcon.colcon_core.package_identification:_identify(.) by extension 'ros'
[0.320s] Level 1:colcon.colcon_core.package_identification:_identify(.) by extensions ['cmake', 'python']
[0.320s] Level 1:colcon.colcon_core.package_identification:_identify(.) by extension 'cmake'
[0.320s] Level 1:colcon.colcon_core.package_identification:_identify(.) by extension 'python'
[0.320s] Level 1:colcon.colcon_core.package_identification:_identify(.) by extensions ['python_setup_py']
[0.320s] Level 1:colcon.colcon_core.package_identification:_identify(.) by extension 'python_setup_py'
[0.320s] Level 1:colcon.colcon_core.package_identification:_identify(build) by extensions ['ignore', 'ignore_ament_install']
[0.321s] Level 1:colcon.colcon_core.package_identification:_identify(build) by extension 'ignore'
[0.321s] Level 1:colcon.colcon_core.package_identification:_identify(build) ignored
[0.321s] Level 1:colcon.colcon_core.package_identification:_identify(install) by extensions ['ignore', 'ignore_ament_install']
[0.321s] Level 1:colcon.colcon_core.package_identification:_identify(install) by extension 'ignore'
[0.321s] Level 1:colcon.colcon_core.package_identification:_identify(install) ignored
[0.322s] Level 1:colcon.colcon_core.package_identification:_identify(log) by extensions ['ignore', 'ignore_ament_install']
[0.322s] Level 1:colcon.colcon_core.package_identification:_identify(log) by extension 'ignore'
[0.322s] Level 1:colcon.colcon_core.package_identification:_identify(log) ignored
[0.323s] Level 1:colcon.colcon_core.package_identification:_identify(src) by extensions ['ignore', 'ignore_ament_install']
[0.323s] Level 1:colcon.colcon_core.package_identification:_identify(src) by extension 'ignore'
[0.323s] Level 1:colcon.colcon_core.package_identification:_identify(src) by extension 'ignore_ament_install'
[0.323s] Level 1:colcon.colcon_core.package_identification:_identify(src) by extensions ['colcon_pkg']
[0.323s] Level 1:colcon.colcon_core.package_identification:_identify(src) by extension 'colcon_pkg'
[0.323s] Level 1:colcon.colcon_core.package_identification:_identify(src) by extensions ['colcon_meta']
[0.323s] Level 1:colcon.colcon_core.package_identification:_identify(src) by extension 'colcon_meta'
[0.323s] Level 1:colcon.colcon_core.package_identification:_identify(src) by extensions ['ros']
[0.323s] Level 1:colcon.colcon_core.package_identification:_identify(src) by extension 'ros'
[0.323s] Level 1:colcon.colcon_core.package_identification:_identify(src) by extensions ['cmake', 'python']
[0.323s] Level 1:colcon.colcon_core.package_identification:_identify(src) by extension 'cmake'
[0.323s] Level 1:colcon.colcon_core.package_identification:_identify(src) by extension 'python'
[0.323s] Level 1:colcon.colcon_core.package_identification:_identify(src) by extensions ['python_setup_py']
[0.323s] Level 1:colcon.colcon_core.package_identification:_identify(src) by extension 'python_setup_py'
[0.324s] Level 1:colcon.colcon_core.package_identification:_identify(src/warehouse_amr) by extensions ['ignore', 'ignore_ament_install']
[0.324s] Level 1:colcon.colcon_core.package_identification:_identify(src/warehouse_amr) by extension 'ignore'
[0.324s] Level 1:colcon.colcon_core.package_identification:_identify(src/warehouse_amr) by extension 'ignore_ament_install'
[0.324s] Level 1:colcon.colcon_core.package_identification:_identify(src/warehouse_amr) by extensions ['colcon_pkg']
[0.324s] Level 1:colcon.colcon_core.package_identification:_identify(src/warehouse_amr) by extension 'colcon_pkg'
[0.324s] Level 1:colcon.colcon_core.package_identification:_identify(src/warehouse_amr) by extensions ['colcon_meta']
[0.324s] Level 1:colcon.colcon_core.package_identification:_identify(src/warehouse_amr) by extension 'colcon_meta'
[0.324s] Level 1:colcon.colcon_core.package_identification:_identify(src/warehouse_amr) by extensions ['ros']
[0.325s] Level 1:colcon.colcon_core.package_identification:_identify(src/warehouse_amr) by extension 'ros'
[0.331s] DEBUG:colcon.colcon_core.package_identification:Package 'src/warehouse_amr' with type 'ros.ament_cmake' and name 'warehouse_amr'
[0.331s] Level 1:colcon.colcon_core.package_discovery:discover_packages(recursive) using defaults
[0.331s] Level 1:colcon.colcon_core.package_discovery:discover_packages(ignore) discover
[0.332s] Level 1:colcon.colcon_core.package_discovery:discover_packages(ignore) using defaults
[0.332s] Level 1:colcon.colcon_core.package_discovery:discover_packages(path) discover
[0.332s] Level 1:colcon.colcon_core.package_discovery:discover_packages(path) using defaults
[0.353s] Level 1:colcon.colcon_core.package_discovery:discover_packages(prefix_path) check parameters
[0.353s] Level 1:colcon.colcon_core.package_discovery:discover_packages(prefix_path) discover
[0.357s] DEBUG:colcon.colcon_installed_package_information.package_discovery:Found 510 installed packages in /opt/ros/humble
[0.361s] Level 1:colcon.colcon_core.package_discovery:discover_packages(prefix_path) using defaults
[0.413s] Level 5:colcon.colcon_core.verb:set package 'warehouse_amr' build argument 'cmake_args' from command line to 'None'
[0.413s] Level 5:colcon.colcon_core.verb:set package 'warehouse_amr' build argument 'cmake_target' from command line to 'None'
[0.413s] Level 5:colcon.colcon_core.verb:set package 'warehouse_amr' build argument 'cmake_target_skip_unavailable' from command line to 'False'
[0.413s] Level 5:colcon.colcon_core.verb:set package 'warehouse_amr' build argument 'cmake_clean_cache' from command line to 'False'
[0.413s] Level 5:colcon.colcon_core.verb:set package 'warehouse_amr' build argument 'cmake_clean_first' from command line to 'False'
[0.413s] Level 5:colcon.colcon_core.verb:set package 'warehouse_amr' build argument 'cmake_force_configure' from command line to 'False'
[0.413s] Level 5:colcon.colcon_core.verb:set package 'warehouse_amr' build argument 'ament_cmake_args' from command line to 'None'
[0.413s] Level 5:colcon.colcon_core.verb:set package 'warehouse_amr' build argument 'catkin_cmake_args' from command line to 'None'
[0.413s] Level 5:colcon.colcon_core.verb:set package 'warehouse_amr' build argument 'catkin_skip_building_tests' from command line to 'False'
[0.413s] DEBUG:colcon.colcon_core.verb:Building package 'warehouse_amr' with the following arguments: {'ament_cmake_args': None, 'build_base': '/home/rudhratej/work/personal/warehouse_amr/build/warehouse_amr', 'catkin_cmake_args': None, 'catkin_skip_building_tests': False, 'cmake_args': None, 'cmake_clean_cache': False, 'cmake_clean_first': False, 'cmake_force_configure': False, 'cmake_target': None, 'cmake_target_skip_unavailable': False, 'install_base': '/home/rudhratej/work/personal/warehouse_amr/install/warehouse_amr', 'merge_install': False, 'path': '/home/rudhratej/work/personal/warehouse_amr/src/warehouse_amr', 'symlink_install': False, 'test_result_base': None}
[0.413s] INFO:colcon.colcon_core.executor:Executing jobs using 'parallel' executor
[0.414s] DEBUG:colcon.colcon_parallel_executor.executor.parallel:run_until_complete
[0.414s] INFO:colcon.colcon_ros.task.ament_cmake.build:Building ROS package in '/home/rudhratej/work/personal/warehouse_amr/src/warehouse_amr' with build type 'ament_cmake'
[0.414s] INFO:colcon.colcon_cmake.task.cmake.build:Building CMake package in '/home/rudhratej/work/personal/warehouse_amr/src/warehouse_amr'
[0.416s] INFO:colcon.colcon_core.plugin_system:Skipping extension 'colcon_core.shell.bat': Not used on non-Windows systems
[0.416s] INFO:colcon.colcon_core.shell:Skip shell extension 'powershell' for command environment: Not usable outside of PowerShell
[0.416s] DEBUG:colcon.colcon_core.shell:Skip shell extension 'dsv' for command environment
[0.423s] DEBUG:colcon.colcon_core.event_handler.log_command:Invoking command in '/home/rudhratej/work/personal/warehouse_amr/build/warehouse_amr': CMAKE_PREFIX_PATH=/opt/ros/humble /usr/bin/cmake --build /home/rudhratej/work/personal/warehouse_amr/build/warehouse_amr -- -j16 -l16
[0.475s] DEBUG:colcon.colcon_core.event_handler.log_command:Invoked command in '/home/rudhratej/work/personal/warehouse_amr/build/warehouse_amr' returned '0': CMAKE_PREFIX_PATH=/opt/ros/humble /usr/bin/cmake --build /home/rudhratej/work/personal/warehouse_amr/build/warehouse_amr -- -j16 -l16
[0.491s] DEBUG:colcon.colcon_core.event_handler.log_command:Invoking command in '/home/rudhratej/work/personal/warehouse_amr/build/warehouse_amr': CMAKE_PREFIX_PATH=/opt/ros/humble /usr/bin/cmake --install /home/rudhratej/work/personal/warehouse_amr/build/warehouse_amr
[0.506s] Level 1:colcon.colcon_core.environment:create_environment_scripts_only(warehouse_amr)
[0.507s] DEBUG:colcon.colcon_core.event_handler.log_command:Invoked command in '/home/rudhratej/work/personal/warehouse_amr/build/warehouse_amr' returned '0': CMAKE_PREFIX_PATH=/opt/ros/humble /usr/bin/cmake --install /home/rudhratej/work/personal/warehouse_amr/build/warehouse_amr
[0.508s] Level 1:colcon.colcon_core.environment:checking '/home/rudhratej/work/personal/warehouse_amr/install/warehouse_amr' for CMake module files
[0.508s] Level 1:colcon.colcon_core.environment:checking '/home/rudhratej/work/personal/warehouse_amr/install/warehouse_amr' for CMake config files
[0.509s] Level 1:colcon.colcon_core.shell:create_environment_hook('warehouse_amr', 'cmake_prefix_path')
[0.509s] INFO:colcon.colcon_core.shell:Creating environment hook '/home/rudhratej/work/personal/warehouse_amr/install/warehouse_amr/share/warehouse_amr/hook/cmake_prefix_path.ps1'
[0.509s] INFO:colcon.colcon_core.shell:Creating environment descriptor '/home/rudhratej/work/personal/warehouse_amr/install/warehouse_amr/share/warehouse_amr/hook/cmake_prefix_path.dsv'
[0.510s] INFO:colcon.colcon_core.shell:Creating environment hook '/home/rudhratej/work/personal/warehouse_amr/install/warehouse_amr/share/warehouse_amr/hook/cmake_prefix_path.sh'
[0.510s] Level 1:colcon.colcon_core.environment:checking '/home/rudhratej/work/personal/warehouse_amr/install/warehouse_amr/bin'
[0.510s] Level 1:colcon.colcon_core.environment:checking '/home/rudhratej/work/personal/warehouse_amr/install/warehouse_amr/lib/pkgconfig/warehouse_amr.pc'
[0.511s] Level 1:colcon.colcon_core.environment:checking '/home/rudhratej/work/personal/warehouse_amr/install/warehouse_amr/lib/python3.10/site-packages'
[0.512s] Level 1:colcon.colcon_core.environment:checking '/home/rudhratej/work/personal/warehouse_amr/install/warehouse_amr/bin'
[0.512s] INFO:colcon.colcon_core.shell:Creating package script '/home/rudhratej/work/personal/warehouse_amr/install/warehouse_amr/share/warehouse_amr/package.ps1'
[0.513s] INFO:colcon.colcon_core.shell:Creating package descriptor '/home/rudhratej/work/personal/warehouse_amr/install/warehouse_amr/share/warehouse_amr/package.dsv'
[0.515s] INFO:colcon.colcon_core.shell:Creating package script '/home/rudhratej/work/personal/warehouse_amr/install/warehouse_amr/share/warehouse_amr/package.sh'
[0.516s] INFO:colcon.colcon_core.shell:Creating package script '/home/rudhratej/work/personal/warehouse_amr/install/warehouse_amr/share/warehouse_amr/package.bash'
[0.518s] INFO:colcon.colcon_core.shell:Creating package script '/home/rudhratej/work/personal/warehouse_amr/install/warehouse_amr/share/warehouse_amr/package.zsh'
[0.519s] Level 1:colcon.colcon_core.environment:create_file_with_runtime_dependencies(/home/rudhratej/work/personal/warehouse_amr/install/warehouse_amr/share/colcon-core/packages/warehouse_amr)
[0.521s] Level 1:colcon.colcon_core.environment:create_environment_scripts_only(warehouse_amr)
[0.521s] Level 1:colcon.colcon_core.environment:checking '/home/rudhratej/work/personal/warehouse_amr/install/warehouse_amr' for CMake module files
[0.522s] Level 1:colcon.colcon_core.environment:checking '/home/rudhratej/work/personal/warehouse_amr/install/warehouse_amr' for CMake config files
[0.523s] Level 1:colcon.colcon_core.shell:create_environment_hook('warehouse_amr', 'cmake_prefix_path')
[0.523s] INFO:colcon.colcon_core.shell:Creating environment hook '/home/rudhratej/work/personal/warehouse_amr/install/warehouse_amr/share/warehouse_amr/hook/cmake_prefix_path.ps1'
[0.524s] INFO:colcon.colcon_core.shell:Creating environment descriptor '/home/rudhratej/work/personal/warehouse_amr/install/warehouse_amr/share/warehouse_amr/hook/cmake_prefix_path.dsv'
[0.525s] INFO:colcon.colcon_core.shell:Creating environment hook '/home/rudhratej/work/personal/warehouse_amr/install/warehouse_amr/share/warehouse_amr/hook/cmake_prefix_path.sh'
[0.525s] Level 1:colcon.colcon_core.environment:checking '/home/rudhratej/work/personal/warehouse_amr/install/warehouse_amr/bin'
[0.526s] Level 1:colcon.colcon_core.environment:checking '/home/rudhratej/work/personal/warehouse_amr/install/warehouse_amr/lib/pkgconfig/warehouse_amr.pc'
[0.526s] Level 1:colcon.colcon_core.environment:checking '/home/rudhratej/work/personal/warehouse_amr/install/warehouse_amr/lib/python3.10/site-packages'
[0.527s] Level 1:colcon.colcon_core.environment:checking '/home/rudhratej/work/personal/warehouse_amr/install/warehouse_amr/bin'
[0.527s] INFO:colcon.colcon_core.shell:Creating package script '/home/rudhratej/work/personal/warehouse_amr/install/warehouse_amr/share/warehouse_amr/package.ps1'
[0.527s] INFO:colcon.colcon_core.shell:Creating package descriptor '/home/rudhratej/work/personal/warehouse_amr/install/warehouse_amr/share/warehouse_amr/package.dsv'
[0.527s] INFO:colcon.colcon_core.shell:Creating package script '/home/rudhratej/work/personal/warehouse_amr/install/warehouse_amr/share/warehouse_amr/package.sh'
[0.528s] INFO:colcon.colcon_core.shell:Creating package script '/home/rudhratej/work/personal/warehouse_amr/install/warehouse_amr/share/warehouse_amr/package.bash'
[0.528s] INFO:colcon.colcon_core.shell:Creating package script '/home/rudhratej/work/personal/warehouse_amr/install/warehouse_amr/share/warehouse_amr/package.zsh'
[0.528s] Level 1:colcon.colcon_core.environment:create_file_with_runtime_dependencies(/home/rudhratej/work/personal/warehouse_amr/install/warehouse_amr/share/colcon-core/packages/warehouse_amr)
[0.528s] DEBUG:colcon.colcon_parallel_executor.executor.parallel:closing loop
[0.529s] DEBUG:colcon.colcon_parallel_executor.executor.parallel:loop closed
[0.529s] DEBUG:colcon.colcon_parallel_executor.executor.parallel:run_until_complete finished with '0'
[0.529s] DEBUG:colcon.colcon_core.event_reactor:joining thread
[0.532s] INFO:colcon.colcon_core.plugin_system:Skipping extension 'colcon_notification.desktop_notification.terminal_notifier': Not used on non-Darwin systems
[0.532s] INFO:colcon.colcon_core.plugin_system:Skipping extension 'colcon_notification.desktop_notification.win32': Not used on non-Windows systems
[0.532s] INFO:colcon.colcon_notification.desktop_notification:Sending desktop notification using 'notify2'
[0.544s] DEBUG:colcon.colcon_core.event_reactor:joined thread
[0.545s] INFO:colcon.colcon_core.shell:Creating prefix script '/home/rudhratej/work/personal/warehouse_amr/install/local_setup.ps1'
[0.546s] INFO:colcon.colcon_core.shell:Creating prefix util module '/home/rudhratej/work/personal/warehouse_amr/install/_local_setup_util_ps1.py'
[0.547s] INFO:colcon.colcon_core.shell:Creating prefix chain script '/home/rudhratej/work/personal/warehouse_amr/install/setup.ps1'
[0.548s] INFO:colcon.colcon_core.shell:Creating prefix script '/home/rudhratej/work/personal/warehouse_amr/install/local_setup.sh'
[0.549s] INFO:colcon.colcon_core.shell:Creating prefix util module '/home/rudhratej/work/personal/warehouse_amr/install/_local_setup_util_sh.py'
[0.551s] INFO:colcon.colcon_core.shell:Creating prefix chain script '/home/rudhratej/work/personal/warehouse_amr/install/setup.sh'
[0.554s] INFO:colcon.colcon_core.shell:Creating prefix script '/home/rudhratej/work/personal/warehouse_amr/install/local_setup.bash'
[0.555s] INFO:colcon.colcon_core.shell:Creating prefix chain script '/home/rudhratej/work/personal/warehouse_amr/install/setup.bash'
[0.557s] INFO:colcon.colcon_core.shell:Creating prefix script '/home/rudhratej/work/personal/warehouse_amr/install/local_setup.zsh'
[0.558s] INFO:colcon.colcon_core.shell:Creating prefix chain script '/home/rudhratej/work/personal/warehouse_amr/install/setup.zsh'
