-- The C compiler identification is GNU 11.4.0
-- The CXX compiler identification is GNU 11.4.0
-- Detecting C compiler ABI info
-- Detecting C compiler ABI info - done
-- Check for working C compiler: /usr/bin/cc - skipped
-- Detecting C compile features
-- Detecting C compile features - done
-- Detecting CXX compiler ABI info
-- Detecting CXX compiler ABI info - done
-- Check for working CXX compiler: /usr/bin/c++ - skipped
-- Detecting CXX compile features
-- Detecting CXX compile features - done
-- Found ament_cmake: 1.3.12 (/opt/ros/humble/share/ament_cmake/cmake)
-- Found Python3: /usr/bin/python3 (found version "3.10.12") found components: Interpreter 
-- Found rclcpp: 16.0.16 (/opt/ros/humble/share/rclcpp/cmake)
-- Found rosidl_generator_c: 3.1.7 (/opt/ros/humble/share/rosidl_generator_c/cmake)
-- Found rosidl_adapter: 3.1.7 (/opt/ros/humble/share/rosidl_adapter/cmake)
-- Found rosidl_generator_cpp: 3.1.7 (/opt/ros/humble/share/rosidl_generator_cpp/cmake)
-- Using all available rosidl_typesupport_c: rosidl_typesupport_fastrtps_c;rosidl_typesupport_introspection_c
-- Using all available rosidl_typesupport_cpp: rosidl_typesupport_fastrtps_cpp;rosidl_typesupport_introspection_cpp
-- Found rmw_implementation_cmake: 6.1.2 (/opt/ros/humble/share/rmw_implementation_cmake/cmake)
-- Found rmw_cyclonedds_cpp: 1.3.4 (/opt/ros/humble/share/rmw_cyclonedds_cpp/cmake)
-- Using RMW implementation 'rmw_cyclonedds_cpp' as default
-- Looking for pthread.h
-- Looking for pthread.h - found
-- Performing Test CMAKE_HAVE_LIBC_PTHREAD
-- Performing Test CMAKE_HAVE_LIBC_PTHREAD - Success
-- Found Threads: TRUE  
-- Found sensor_msgs: 4.9.0 (/opt/ros/humble/share/sensor_msgs/cmake)
-- Found nav_msgs: 4.9.0 (/opt/ros/humble/share/nav_msgs/cmake)
-- Found cv_bridge: 3.2.1 (/opt/ros/humble/share/cv_bridge/cmake)
-- Found image_transport: 3.1.12 (/opt/ros/humble/share/image_transport/cmake)
-- Found ament_lint_auto: 0.12.14 (/opt/ros/humble/share/ament_lint_auto/cmake)
-- Added test 'flake8' to check Python code syntax and style conventions
-- Added test 'lint_cmake' to check CMake code style
-- Added test 'pep257' to check Python code against some of the docstring style conventions in PEP 257
-- Added test 'xmllint' to check XML markup files
-- Configuring done
-- Generating done
-- Build files have been written to: /home/rudhratej/work/personal/warehouse_amr/build/warehouse_amr
-- Install configuration: ""
-- Installing: /home/rudhratej/work/personal/warehouse_amr/install/warehouse_amr/share/ament_index/resource_index/package_run_dependencies/warehouse_amr
-- Installing: /home/rudhratej/work/personal/warehouse_amr/install/warehouse_amr/share/ament_index/resource_index/parent_prefix_path/warehouse_amr
-- Installing: /home/rudhratej/work/personal/warehouse_amr/install/warehouse_amr/share/warehouse_amr/environment/ament_prefix_path.sh
-- Installing: /home/rudhratej/work/personal/warehouse_amr/install/warehouse_amr/share/warehouse_amr/environment/ament_prefix_path.dsv
-- Installing: /home/rudhratej/work/personal/warehouse_amr/install/warehouse_amr/share/warehouse_amr/environment/path.sh
-- Installing: /home/rudhratej/work/personal/warehouse_amr/install/warehouse_amr/share/warehouse_amr/environment/path.dsv
-- Installing: /home/rudhratej/work/personal/warehouse_amr/install/warehouse_amr/share/warehouse_amr/local_setup.bash
-- Installing: /home/rudhratej/work/personal/warehouse_amr/install/warehouse_amr/share/warehouse_amr/local_setup.sh
-- Installing: /home/rudhratej/work/personal/warehouse_amr/install/warehouse_amr/share/warehouse_amr/local_setup.zsh
-- Installing: /home/rudhratej/work/personal/warehouse_amr/install/warehouse_amr/share/warehouse_amr/local_setup.dsv
-- Installing: /home/rudhratej/work/personal/warehouse_amr/install/warehouse_amr/share/warehouse_amr/package.dsv
-- Installing: /home/rudhratej/work/personal/warehouse_amr/install/warehouse_amr/share/ament_index/resource_index/packages/warehouse_amr
-- Installing: /home/rudhratej/work/personal/warehouse_amr/install/warehouse_amr/share/warehouse_amr/cmake/warehouse_amrConfig.cmake
-- Installing: /home/rudhratej/work/personal/warehouse_amr/install/warehouse_amr/share/warehouse_amr/cmake/warehouse_amrConfig-version.cmake
-- Installing: /home/rudhratej/work/personal/warehouse_amr/install/warehouse_amr/share/warehouse_amr/package.xml
