[0.010s] Invoking command in '/home/rudhratej/work/personal/warehouse_amr/build/warehouse_amr': CMAKE_PREFIX_PATH=/opt/ros/humble /usr/bin/cmake /home/rudhratej/work/personal/warehouse_amr/src/warehouse_amr -DCMAKE_INSTALL_PREFIX=/home/rudhratej/work/personal/warehouse_amr/install/warehouse_amr
[0.368s] -- The C compiler identification is GNU 11.4.0
[0.662s] -- The CXX compiler identification is GNU 11.4.0
[0.684s] -- Detecting C compiler ABI info
[1.013s] -- Detecting C compiler ABI info - done
[1.044s] -- Check for working C compiler: /usr/bin/cc - skipped
[1.048s] -- Detecting C compile features
[1.050s] -- Detecting C compile features - done
[1.059s] -- Detecting CXX compiler ABI info
[1.421s] -- Detecting CXX compiler ABI info - done
[1.460s] -- Check for working CXX compiler: /usr/bin/c++ - skipped
[1.461s] -- Detecting CXX compile features
[1.462s] -- Detecting CXX compile features - done
[1.482s] -- Found ament_cmake: 1.3.12 (/opt/ros/humble/share/ament_cmake/cmake)
[2.147s] -- Found Python3: /usr/bin/python3 (found version "3.10.12") found components: Interpreter 
[2.408s] -- Found rclcpp: 16.0.16 (/opt/ros/humble/share/rclcpp/cmake)
[2.675s] -- Found rosidl_generator_c: 3.1.7 (/opt/ros/humble/share/rosidl_generator_c/cmake)
[2.707s] -- Found rosidl_adapter: 3.1.7 (/opt/ros/humble/share/rosidl_adapter/cmake)
[2.760s] -- Found rosidl_generator_cpp: 3.1.7 (/opt/ros/humble/share/rosidl_generator_cpp/cmake)
[2.841s] -- Using all available rosidl_typesupport_c: rosidl_typesupport_fastrtps_c;rosidl_typesupport_introspection_c
[2.924s] -- Using all available rosidl_typesupport_cpp: rosidl_typesupport_fastrtps_cpp;rosidl_typesupport_introspection_cpp
[3.163s] -- Found rmw_implementation_cmake: 6.1.2 (/opt/ros/humble/share/rmw_implementation_cmake/cmake)
[3.185s] -- Found rmw_cyclonedds_cpp: 1.3.4 (/opt/ros/humble/share/rmw_cyclonedds_cpp/cmake)
[3.286s] -- Using RMW implementation 'rmw_cyclonedds_cpp' as default
[3.309s] -- Looking for pthread.h
[3.628s] -- Looking for pthread.h - found
[3.629s] -- Performing Test CMAKE_HAVE_LIBC_PTHREAD
[3.968s] -- Performing Test CMAKE_HAVE_LIBC_PTHREAD - Success
[3.973s] -- Found Threads: TRUE  
[4.274s] -- Found sensor_msgs: 4.9.0 (/opt/ros/humble/share/sensor_msgs/cmake)
[4.320s] -- Found nav_msgs: 4.9.0 (/opt/ros/humble/share/nav_msgs/cmake)
[4.342s] -- Found cv_bridge: 3.2.1 (/opt/ros/humble/share/cv_bridge/cmake)
[4.361s] -- Found image_transport: 3.1.12 (/opt/ros/humble/share/image_transport/cmake)
[4.488s] -- Found ament_lint_auto: 0.12.14 (/opt/ros/humble/share/ament_lint_auto/cmake)
[4.756s] -- Added test 'flake8' to check Python code syntax and style conventions
[4.757s] -- Added test 'lint_cmake' to check CMake code style
[4.758s] -- Added test 'pep257' to check Python code against some of the docstring style conventions in PEP 257
[4.759s] -- Added test 'xmllint' to check XML markup files
[4.760s] -- Configuring done
[4.765s] -- Generating done
[4.767s] -- Build files have been written to: /home/rudhratej/work/personal/warehouse_amr/build/warehouse_amr
[4.776s] Invoked command in '/home/rudhratej/work/personal/warehouse_amr/build/warehouse_amr' returned '0': CMAKE_PREFIX_PATH=/opt/ros/humble /usr/bin/cmake /home/rudhratej/work/personal/warehouse_amr/src/warehouse_amr -DCMAKE_INSTALL_PREFIX=/home/rudhratej/work/personal/warehouse_amr/install/warehouse_amr
[4.778s] Invoking command in '/home/rudhratej/work/personal/warehouse_amr/build/warehouse_amr': CMAKE_PREFIX_PATH=/opt/ros/humble /usr/bin/cmake --build /home/rudhratej/work/personal/warehouse_amr/build/warehouse_amr -- -j16 -l16
[4.922s] Invoked command in '/home/rudhratej/work/personal/warehouse_amr/build/warehouse_amr' returned '0': CMAKE_PREFIX_PATH=/opt/ros/humble /usr/bin/cmake --build /home/rudhratej/work/personal/warehouse_amr/build/warehouse_amr -- -j16 -l16
[4.968s] Invoking command in '/home/rudhratej/work/personal/warehouse_amr/build/warehouse_amr': CMAKE_PREFIX_PATH=/opt/ros/humble /usr/bin/cmake --install /home/rudhratej/work/personal/warehouse_amr/build/warehouse_amr
[5.001s] -- Install configuration: ""
[5.002s] -- Installing: /home/rudhratej/work/personal/warehouse_amr/install/warehouse_amr/share/ament_index/resource_index/package_run_dependencies/warehouse_amr
[5.003s] -- Installing: /home/rudhratej/work/personal/warehouse_amr/install/warehouse_amr/share/ament_index/resource_index/parent_prefix_path/warehouse_amr
[5.004s] -- Installing: /home/rudhratej/work/personal/warehouse_amr/install/warehouse_amr/share/warehouse_amr/environment/ament_prefix_path.sh
[5.004s] -- Installing: /home/rudhratej/work/personal/warehouse_amr/install/warehouse_amr/share/warehouse_amr/environment/ament_prefix_path.dsv
[5.005s] -- Installing: /home/rudhratej/work/personal/warehouse_amr/install/warehouse_amr/share/warehouse_amr/environment/path.sh
[5.005s] -- Installing: /home/rudhratej/work/personal/warehouse_amr/install/warehouse_amr/share/warehouse_amr/environment/path.dsv
[5.005s] -- Installing: /home/rudhratej/work/personal/warehouse_amr/install/warehouse_amr/share/warehouse_amr/local_setup.bash
[5.006s] -- Installing: /home/rudhratej/work/personal/warehouse_amr/install/warehouse_amr/share/warehouse_amr/local_setup.sh
[5.006s] -- Installing: /home/rudhratej/work/personal/warehouse_amr/install/warehouse_amr/share/warehouse_amr/local_setup.zsh
[5.006s] -- Installing: /home/rudhratej/work/personal/warehouse_amr/install/warehouse_amr/share/warehouse_amr/local_setup.dsv
[5.006s] -- Installing: /home/rudhratej/work/personal/warehouse_amr/install/warehouse_amr/share/warehouse_amr/package.dsv
[5.007s] -- Installing: /home/rudhratej/work/personal/warehouse_amr/install/warehouse_amr/share/ament_index/resource_index/packages/warehouse_amr
[5.007s] -- Installing: /home/rudhratej/work/personal/warehouse_amr/install/warehouse_amr/share/warehouse_amr/cmake/warehouse_amrConfig.cmake
[5.008s] -- Installing: /home/rudhratej/work/personal/warehouse_amr/install/warehouse_amr/share/warehouse_amr/cmake/warehouse_amrConfig-version.cmake
[5.008s] -- Installing: /home/rudhratej/work/personal/warehouse_amr/install/warehouse_amr/share/warehouse_amr/package.xml
[5.017s] Invoked command in '/home/rudhratej/work/personal/warehouse_amr/build/warehouse_amr' returned '0': CMAKE_PREFIX_PATH=/opt/ros/humble /usr/bin/cmake --install /home/rudhratej/work/personal/warehouse_amr/build/warehouse_amr
